INFO  Validating config
INFO  Start processing
INFO  Hexo is running at http://localhost:4000 . Press Ctrl+C to stop.
(node:2914662) Warning: Accessing non-existent property 'lineno' of module exports inside circular dependency
(Use `node --trace-warnings ...` to show where the warning was created)
(node:2914662) Warning: Accessing non-existent property 'column' of module exports inside circular dependency
(node:2914662) Warning: Accessing non-existent property 'filename' of module exports inside circular dependency
(node:2914662) Warning: Accessing non-existent property 'lineno' of module exports inside circular dependency
(node:2914662) Warning: Accessing non-existent property 'column' of module exports inside circular dependency
(node:2914662) Warning: Accessing non-existent property 'filename' of module exports inside circular dependency
INFO  Validating config
INFO  Start processing
INFO  Hexo is running at http://localhost:4000 . Press Ctrl+C to stop.
(node:2927138) Warning: Accessing non-existent property 'lineno' of module exports inside circular dependency
(Use `node --trace-warnings ...` to show where the warning was created)
(node:2927138) Warning: Accessing non-existent property 'column' of module exports inside circular dependency
(node:2927138) Warning: Accessing non-existent property 'filename' of module exports inside circular dependency
(node:2927138) Warning: Accessing non-existent property 'lineno' of module exports inside circular dependency
(node:2927138) Warning: Accessing non-existent property 'column' of module exports inside circular dependency
(node:2927138) Warning: Accessing non-existent property 'filename' of module exports inside circular dependency
INFO  Validating config
INFO  Start processing
INFO  Hexo is running at http://localhost:4000 . Press Ctrl+C to stop.
(node:2988107) Warning: Accessing non-existent property 'lineno' of module exports inside circular dependency
(Use `node --trace-warnings ...` to show where the warning was created)
(node:2988107) Warning: Accessing non-existent property 'column' of module exports inside circular dependency
(node:2988107) Warning: Accessing non-existent property 'filename' of module exports inside circular dependency
(node:2988107) Warning: Accessing non-existent property 'lineno' of module exports inside circular dependency
(node:2988107) Warning: Accessing non-existent property 'column' of module exports inside circular dependency
(node:2988107) Warning: Accessing non-existent property 'filename' of module exports inside circular dependency
INFO  Validating config
INFO  Start processing
INFO  Hexo is running at http://localhost:4000 . Press Ctrl+C to stop.
(node:2997425) Warning: Accessing non-existent property 'lineno' of module exports inside circular dependency
(Use `node --trace-warnings ...` to show where the warning was created)
(node:2997425) Warning: Accessing non-existent property 'column' of module exports inside circular dependency
(node:2997425) Warning: Accessing non-existent property 'filename' of module exports inside circular dependency
(node:2997425) Warning: Accessing non-existent property 'lineno' of module exports inside circular dependency
(node:2997425) Warning: Accessing non-existent property 'column' of module exports inside circular dependency
(node:2997425) Warning: Accessing non-existent property 'filename' of module exports inside circular dependency
INFO  Validating config
INFO  Start processing
INFO  Hexo is running at http://localhost:4000 . Press Ctrl+C to stop.
(node:2998878) Warning: Accessing non-existent property 'lineno' of module exports inside circular dependency
(Use `node --trace-warnings ...` to show where the warning was created)
(node:2998878) Warning: Accessing non-existent property 'column' of module exports inside circular dependency
(node:2998878) Warning: Accessing non-existent property 'filename' of module exports inside circular dependency
(node:2998878) Warning: Accessing non-existent property 'lineno' of module exports inside circular dependency
(node:2998878) Warning: Accessing non-existent property 'column' of module exports inside circular dependency
(node:2998878) Warning: Accessing non-existent property 'filename' of module exports inside circular dependency
INFO  Validating config
INFO  Start processing
INFO  Hexo is running at http://localhost:4000 . Press Ctrl+C to stop.
(node:3163505) Warning: Accessing non-existent property 'lineno' of module exports inside circular dependency
(Use `node --trace-warnings ...` to show where the warning was created)
(node:3163505) Warning: Accessing non-existent property 'column' of module exports inside circular dependency
(node:3163505) Warning: Accessing non-existent property 'filename' of module exports inside circular dependency
(node:3163505) Warning: Accessing non-existent property 'lineno' of module exports inside circular dependency
(node:3163505) Warning: Accessing non-existent property 'column' of module exports inside circular dependency
(node:3163505) Warning: Accessing non-existent property 'filename' of module exports inside circular dependency
WARN  No layout: index.html
WARN  No layout: index.html
WARN  No layout: index.html
INFO  Validating config
INFO  Start processing
INFO  
------------------------------------------------
|                                              |
|              __     ________ _____           |
|            /\\ \   / /  ____|  __ \          |
|           /  \\ \_/ /| |__  | |__) |         |
|          / /\ \\   / |  __| |  _  /          |
|         / ____ \| |  | |____| | \ \          |
|        /_/    \_\_|  |______|_|  \_\         |
|                                              |
|             感谢使用 Ayer 主题 !             |
|   文档: https://shen-yu.gitee.io/2019/ayer/  |
|                                              |
------------------------------------------------

INFO  Hexo is running at http://localhost:4000 . Press Ctrl+C to stop.
WARN  No layout: index.html
WARN  No layout: index.html
WARN  No layout: index.html
WARN  No layout: index.html
WARN  No layout: index.html
WARN  No layout: index.html
WARN  No layout: index.html
WARN  No layout: index.html
WARN  No layout: index.html
WARN  No layout: index.html
WARN  No layout: index.html
INFO  Validating config
INFO  Start processing
INFO  Hexo is running at http://localhost:4000 . Press Ctrl+C to stop.
(node:3191604) Warning: Accessing non-existent property 'lineno' of module exports inside circular dependency
(Use `node --trace-warnings ...` to show where the warning was created)
(node:3191604) Warning: Accessing non-existent property 'column' of module exports inside circular dependency
(node:3191604) Warning: Accessing non-existent property 'filename' of module exports inside circular dependency
(node:3191604) Warning: Accessing non-existent property 'lineno' of module exports inside circular dependency
(node:3191604) Warning: Accessing non-existent property 'column' of module exports inside circular dependency
(node:3191604) Warning: Accessing non-existent property 'filename' of module exports inside circular dependency
